<?xml version="1.0" encoding="UTF-8"?>
<testsuite name="com.redf.chatwebapp.ChatWebAppApplicationTests" tests="1" skipped="0" failures="0" errors="0" timestamp="2019-05-24T17:03:29" hostname="DESKTOP-9NCNHU8" time="0.122">
  <properties/>
  <testcase name="contextLoads" classname="com.redf.chatwebapp.ChatWebAppApplicationTests" time="0.122"/>
  <system-out><![CDATA[22:03:16.210 [Test worker] DEBUG org.springframework.test.context.junit4.SpringJUnit4ClassRunner - SpringJUnit4ClassRunner constructor called with [class com.redf.chatwebapp.ChatWebAppApplicationTests]
22:03:16.222 [Test worker] DEBUG org.springframework.test.context.BootstrapUtils - Instantiating CacheAwareContextLoaderDelegate from class [org.springframework.test.context.cache.DefaultCacheAwareContextLoaderDelegate]
22:03:16.233 [Test worker] DEBUG org.springframework.test.context.BootstrapUtils - Instantiating BootstrapContext using constructor [public org.springframework.test.context.support.DefaultBootstrapContext(java.lang.Class,org.springframework.test.context.CacheAwareContextLoaderDelegate)]
22:03:16.253 [Test worker] DEBUG org.springframework.test.context.BootstrapUtils - Instantiating TestContextBootstrapper for test class [com.redf.chatwebapp.ChatWebAppApplicationTests] from class [org.springframework.boot.test.context.SpringBootTestContextBootstrapper]
22:03:16.265 [Test worker] INFO org.springframework.boot.test.context.SpringBootTestContextBootstrapper - Neither @ContextConfiguration nor @ContextHierarchy found for test class [com.redf.chatwebapp.ChatWebAppApplicationTests], using SpringBootContextLoader
22:03:16.268 [Test worker] DEBUG org.springframework.test.context.support.AbstractContextLoader - Did not detect default resource location for test class [com.redf.chatwebapp.ChatWebAppApplicationTests]: class path resource [com/redf/chatwebapp/ChatWebAppApplicationTests-context.xml] does not exist
22:03:16.269 [Test worker] DEBUG org.springframework.test.context.support.AbstractContextLoader - Did not detect default resource location for test class [com.redf.chatwebapp.ChatWebAppApplicationTests]: class path resource [com/redf/chatwebapp/ChatWebAppApplicationTestsContext.groovy] does not exist
22:03:16.270 [Test worker] INFO org.springframework.test.context.support.AbstractContextLoader - Could not detect default resource locations for test class [com.redf.chatwebapp.ChatWebAppApplicationTests]: no resource found for suffixes {-context.xml, Context.groovy}.
22:03:16.271 [Test worker] INFO org.springframework.test.context.support.AnnotationConfigContextLoaderUtils - Could not detect default configuration classes for test class [com.redf.chatwebapp.ChatWebAppApplicationTests]: ChatWebAppApplicationTests does not declare any static, non-private, non-final, nested classes annotated with @Configuration.
22:03:16.329 [Test worker] DEBUG org.springframework.test.context.support.ActiveProfilesUtils - Could not find an 'annotation declaring class' for annotation type [org.springframework.test.context.ActiveProfiles] and class [com.redf.chatwebapp.ChatWebAppApplicationTests]
22:03:16.417 [Test worker] DEBUG org.springframework.context.annotation.ClassPathScanningCandidateComponentProvider - Identified candidate component class: file [E:\JavaProjects\ChatWebApp\build\classes\java\main\com\redf\chatwebapp\ChatWebAppApplication.class]
22:03:16.419 [Test worker] INFO org.springframework.boot.test.context.SpringBootTestContextBootstrapper - Found @SpringBootConfiguration com.redf.chatwebapp.ChatWebAppApplication for test class com.redf.chatwebapp.ChatWebAppApplicationTests
22:03:16.539 [Test worker] DEBUG org.springframework.boot.test.context.SpringBootTestContextBootstrapper - @TestExecutionListeners is not present for class [com.redf.chatwebapp.ChatWebAppApplicationTests]: using defaults.
22:03:16.540 [Test worker] INFO org.springframework.boot.test.context.SpringBootTestContextBootstrapper - Loaded default TestExecutionListener class names from location [META-INF/spring.factories]: [org.springframework.boot.test.autoconfigure.restdocs.RestDocsTestExecutionListener, org.springframework.boot.test.autoconfigure.web.client.MockRestServiceServerResetTestExecutionListener, org.springframework.boot.test.autoconfigure.web.servlet.MockMvcPrintOnlyOnFailureTestExecutionListener, org.springframework.boot.test.autoconfigure.web.servlet.WebDriverTestExecutionListener, org.springframework.boot.test.mock.mockito.MockitoTestExecutionListener, org.springframework.boot.test.mock.mockito.ResetMocksTestExecutionListener, org.springframework.test.context.web.ServletTestExecutionListener, org.springframework.test.context.support.DirtiesContextBeforeModesTestExecutionListener, org.springframework.test.context.support.DependencyInjectionTestExecutionListener, org.springframework.test.context.support.DirtiesContextTestExecutionListener, org.springframework.test.context.transaction.TransactionalTestExecutionListener, org.springframework.test.context.jdbc.SqlScriptsTestExecutionListener]
22:03:16.561 [Test worker] INFO org.springframework.boot.test.context.SpringBootTestContextBootstrapper - Using TestExecutionListeners: [org.springframework.test.context.web.ServletTestExecutionListener@640f7c30, org.springframework.test.context.support.DirtiesContextBeforeModesTestExecutionListener@75795bad, org.springframework.boot.test.mock.mockito.MockitoTestExecutionListener@55c2c9f4, org.springframework.boot.test.autoconfigure.SpringBootDependencyInjectionTestExecutionListener@59beed99, org.springframework.test.context.support.DirtiesContextTestExecutionListener@46cfe462, org.springframework.test.context.transaction.TransactionalTestExecutionListener@79547b25, org.springframework.test.context.jdbc.SqlScriptsTestExecutionListener@3a9a9092, org.springframework.boot.test.autoconfigure.restdocs.RestDocsTestExecutionListener@1466607d, org.springframework.boot.test.autoconfigure.web.client.MockRestServiceServerResetTestExecutionListener@2db37a67, org.springframework.boot.test.autoconfigure.web.servlet.MockMvcPrintOnlyOnFailureTestExecutionListener@77e4a1a7, org.springframework.boot.test.autoconfigure.web.servlet.WebDriverTestExecutionListener@1914a1c9, org.springframework.boot.test.mock.mockito.ResetMocksTestExecutionListener@3e564f1e]
22:03:16.565 [Test worker] DEBUG org.springframework.test.annotation.ProfileValueUtils - Retrieved @ProfileValueSourceConfiguration [null] for test class [com.redf.chatwebapp.ChatWebAppApplicationTests]
22:03:16.566 [Test worker] DEBUG org.springframework.test.annotation.ProfileValueUtils - Retrieved ProfileValueSource type [class org.springframework.test.annotation.SystemProfileValueSource] for class [com.redf.chatwebapp.ChatWebAppApplicationTests]
22:03:16.567 [Test worker] DEBUG org.springframework.test.annotation.ProfileValueUtils - Retrieved @ProfileValueSourceConfiguration [null] for test class [com.redf.chatwebapp.ChatWebAppApplicationTests]
22:03:16.567 [Test worker] DEBUG org.springframework.test.annotation.ProfileValueUtils - Retrieved ProfileValueSource type [class org.springframework.test.annotation.SystemProfileValueSource] for class [com.redf.chatwebapp.ChatWebAppApplicationTests]
22:03:16.573 [Test worker] DEBUG org.springframework.test.context.support.AbstractDirtiesContextTestExecutionListener - Before test class: context [DefaultTestContext@4874ca7f testClass = ChatWebAppApplicationTests, testInstance = [null], testMethod = [null], testException = [null], mergedContextConfiguration = [WebMergedContextConfiguration@798121fa testClass = ChatWebAppApplicationTests, locations = '{}', classes = '{class com.redf.chatwebapp.ChatWebAppApplication}', contextInitializerClasses = '[]', activeProfiles = '{}', propertySourceLocations = '{}', propertySourceProperties = '{org.springframework.boot.test.context.SpringBootTestContextBootstrapper=true}', contextCustomizers = set[org.springframework.boot.test.autoconfigure.properties.PropertyMappingContextCustomizer@0, org.springframework.boot.test.autoconfigure.web.servlet.WebDriverContextCustomizerFactory$Customizer@4af568ec, org.springframework.boot.test.context.filter.ExcludeFilterContextCustomizer@3edac7d3, org.springframework.boot.test.json.DuplicateJsonObjectContextCustomizerFactory$DuplicateJsonObjectContextCustomizer@56b9b52c, org.springframework.boot.test.mock.mockito.MockitoContextCustomizer@0, org.springframework.boot.test.web.client.TestRestTemplateContextCustomizer@6023df39], resourceBasePath = 'src/main/webapp', contextLoader = 'org.springframework.boot.test.context.SpringBootContextLoader', parent = [null]], attributes = map['org.springframework.test.context.web.ServletTestExecutionListener.activateListener' -> true]], class annotated with @DirtiesContext [false] with mode [null].
22:03:16.574 [Test worker] DEBUG org.springframework.test.annotation.ProfileValueUtils - Retrieved @ProfileValueSourceConfiguration [null] for test class [com.redf.chatwebapp.ChatWebAppApplicationTests]
22:03:16.574 [Test worker] DEBUG org.springframework.test.annotation.ProfileValueUtils - Retrieved ProfileValueSource type [class org.springframework.test.annotation.SystemProfileValueSource] for class [com.redf.chatwebapp.ChatWebAppApplicationTests]
22:03:16.598 [Test worker] DEBUG org.springframework.test.context.support.TestPropertySourceUtils - Adding inlined properties to environment: {spring.jmx.enabled=false, org.springframework.boot.test.context.SpringBootTestContextBootstrapper=true, server.port=-1}

  .   ____          _            __ _ _
 /\\ / ___'_ __ _ _(_)_ __  __ _ \ \ \ \
( ( )\___ | '_ | '_| | '_ \/ _` | \ \ \ \
 \\/  ___)| |_)| | | | | || (_| |  ) ) ) )
  '  |____| .__|_| |_|_| |_\__, | / / / /
 =========|_|==============|___/=/_/_/_/
 :: Spring Boot ::        (v2.1.5.RELEASE)

2019-05-24 22:03:16.960  INFO 14468 --- [    Test worker] c.r.c.ChatWebAppApplicationTests         : Starting ChatWebAppApplicationTests on DESKTOP-9NCNHU8 with PID 14468 (started by Deti in E:\JavaProjects\ChatWebApp)
2019-05-24 22:03:16.961  INFO 14468 --- [    Test worker] c.r.c.ChatWebAppApplicationTests         : No active profile set, falling back to default profiles: default
2019-05-24 22:03:17.947  INFO 14468 --- [    Test worker] .s.d.r.c.RepositoryConfigurationDelegate : Bootstrapping Spring Data repositories in DEFAULT mode.
2019-05-24 22:03:17.994  INFO 14468 --- [    Test worker] .s.d.r.c.RepositoryConfigurationDelegate : Finished Spring Data repository scanning in 36ms. Found 0 repository interfaces.
2019-05-24 22:03:18.554  INFO 14468 --- [    Test worker] trationDelegate$BeanPostProcessorChecker : Bean 'org.springframework.transaction.annotation.ProxyTransactionManagementConfiguration' of type [org.springframework.transaction.annotation.ProxyTransactionManagementConfiguration$$EnhancerBySpringCGLIB$$246bfc64] is not eligible for getting processed by all BeanPostProcessors (for example: not eligible for auto-proxying)
2019-05-24 22:03:18.618  INFO 14468 --- [    Test worker] trationDelegate$BeanPostProcessorChecker : Bean 'org.springframework.security.config.annotation.configuration.ObjectPostProcessorConfiguration' of type [org.springframework.security.config.annotation.configuration.ObjectPostProcessorConfiguration$$EnhancerBySpringCGLIB$$bd19c49e] is not eligible for getting processed by all BeanPostProcessors (for example: not eligible for auto-proxying)
2019-05-24 22:03:18.632  INFO 14468 --- [    Test worker] trationDelegate$BeanPostProcessorChecker : Bean 'objectPostProcessor' of type [org.springframework.security.config.annotation.configuration.AutowireBeanFactoryObjectPostProcessor] is not eligible for getting processed by all BeanPostProcessors (for example: not eligible for auto-proxying)
2019-05-24 22:03:18.634  INFO 14468 --- [    Test worker] trationDelegate$BeanPostProcessorChecker : Bean 'org.springframework.security.access.expression.method.DefaultMethodSecurityExpressionHandler@47090110' of type [org.springframework.security.access.expression.method.DefaultMethodSecurityExpressionHandler] is not eligible for getting processed by all BeanPostProcessors (for example: not eligible for auto-proxying)
2019-05-24 22:03:18.646  INFO 14468 --- [    Test worker] trationDelegate$BeanPostProcessorChecker : Bean 'org.springframework.security.config.annotation.method.configuration.GlobalMethodSecurityConfiguration' of type [org.springframework.security.config.annotation.method.configuration.GlobalMethodSecurityConfiguration$$EnhancerBySpringCGLIB$$e1ee6750] is not eligible for getting processed by all BeanPostProcessors (for example: not eligible for auto-proxying)
2019-05-24 22:03:18.654  INFO 14468 --- [    Test worker] trationDelegate$BeanPostProcessorChecker : Bean 'methodSecurityMetadataSource' of type [org.springframework.security.access.method.DelegatingMethodSecurityMetadataSource] is not eligible for getting processed by all BeanPostProcessors (for example: not eligible for auto-proxying)
2019-05-24 22:03:18.952  INFO 14468 --- [    Test worker] com.zaxxer.hikari.HikariDataSource       : HikariPool-1 - Starting...
2019-05-24 22:03:20.176  INFO 14468 --- [    Test worker] com.zaxxer.hikari.HikariDataSource       : HikariPool-1 - Start completed.
2019-05-24 22:03:20.329  INFO 14468 --- [    Test worker] o.hibernate.jpa.internal.util.LogHelper  : HHH000204: Processing PersistenceUnitInfo [
	name: default
	...]
2019-05-24 22:03:20.440  INFO 14468 --- [    Test worker] org.hibernate.Version                    : HHH000412: Hibernate Core {5.3.10.Final}
2019-05-24 22:03:20.441  INFO 14468 --- [    Test worker] org.hibernate.cfg.Environment            : HHH000206: hibernate.properties not found
2019-05-24 22:03:20.667  INFO 14468 --- [    Test worker] o.hibernate.annotations.common.Version   : HCANN000001: Hibernate Commons Annotations {5.0.4.Final}
2019-05-24 22:03:20.871  INFO 14468 --- [    Test worker] org.hibernate.dialect.Dialect            : HHH000400: Using dialect: org.hibernate.dialect.PostgreSQL9Dialect
2019-05-24 22:03:20.899  INFO 14468 --- [    Test worker] o.h.e.j.e.i.LobCreatorBuilderImpl        : HHH000422: Disabling contextual LOB creation as connection was null
2019-05-24 22:03:20.907  INFO 14468 --- [    Test worker] org.hibernate.type.BasicTypeRegistry     : HHH000270: Type registration [java.util.UUID] overrides previous : org.hibernate.type.UUIDBinaryType@2f833419
2019-05-24 22:03:27.304  INFO 14468 --- [    Test worker] j.LocalContainerEntityManagerFactoryBean : Initialized JPA EntityManagerFactory for persistence unit 'default'
2019-05-24 22:03:27.711  INFO 14468 --- [    Test worker] .s.s.UserDetailsServiceAutoConfiguration : 

Using generated security password: 5f65403f-e6a8-4278-8c38-3e41aea1449e

2019-05-24 22:03:27.968  INFO 14468 --- [    Test worker] o.s.s.web.DefaultSecurityFilterChain     : Creating filter chain: any request, [org.springframework.security.web.context.request.async.WebAsyncManagerIntegrationFilter@7f3a4ae5, org.springframework.security.web.context.SecurityContextPersistenceFilter@378c0249, org.springframework.security.web.header.HeaderWriterFilter@5fa4e6db, org.springframework.security.web.csrf.CsrfFilter@691a0bcf, org.springframework.security.web.authentication.logout.LogoutFilter@7487f81, org.springframework.security.web.savedrequest.RequestCacheAwareFilter@405b915f, org.springframework.security.web.servletapi.SecurityContextHolderAwareRequestFilter@6aa656b3, org.springframework.security.web.authentication.AnonymousAuthenticationFilter@733d0cf6, org.springframework.security.web.session.SessionManagementFilter@66005476, org.springframework.security.web.access.ExceptionTranslationFilter@195d2ef8, org.springframework.security.web.access.intercept.FilterSecurityInterceptor@4d2090b2]
2019-05-24 22:03:28.781  INFO 14468 --- [    Test worker] o.s.s.concurrent.ThreadPoolTaskExecutor  : Initializing ExecutorService 'applicationTaskExecutor'
2019-05-24 22:03:28.867  WARN 14468 --- [    Test worker] aWebConfiguration$JpaWebMvcConfiguration : spring.jpa.open-in-view is enabled by default. Therefore, database queries may be performed during view rendering. Explicitly configure spring.jpa.open-in-view to disable this warning
2019-05-24 22:03:29.622  INFO 14468 --- [    Test worker] c.r.c.ChatWebAppApplicationTests         : Started ChatWebAppApplicationTests in 13.014 seconds (JVM running for 14.528)
]]></system-out>
  <system-err><![CDATA[]]></system-err>
</testsuite>
